<?xml version="1.0" encoding="UTF-8"?>
<!-- Generated by org.testng.reporters.JUnitReportReporter -->
<testsuite hostname="DESKTOP-8S7Q1A3" failures="0" tests="2" name="apipracticetests.APITests" time="3.310" errors="0" timestamp="2022-03-12T16:14:26 EST" skipped="0">
  <testcase classname="apipracticetests.APITests" name="test2" time="0.246"/>
  <system-out/>
  <testcase classname="apipracticetests.APITests" name="test1" time="3.064"/>
  <system-out/>
</testsuite> <!-- apipracticetests.APITests -->
